<?xml version="1.0" encoding="UTF-8"?>
<!-- Generated by org.testng.reporters.JUnitReportReporter -->
<testsuite name="offlinewebsite.UserPage" tests="1" time="0.757" ignored="4" failures="0" timestamp="22 Oct 2021 12:48:54 GMT" skipped="0" hostname="MSI" errors="0">
  <testcase name="checkUserListTiltle" time="0.757" classname="offlinewebsite.UserPage"/>
  <testcase name="checkContext" classname="offlinewebsite.UserPage">
    <skipped/>
  </testcase> <!-- checkContext -->
  <testcase name="deletUser1" classname="offlinewebsite.UserPage">
    <skipped/>
  </testcase> <!-- deletUser1 -->
  <testcase name="userForm" classname="offlinewebsite.UserPage">
    <skipped/>
  </testcase> <!-- userForm -->
  <testcase name="deletUser2" classname="offlinewebsite.UserPage">
    <skipped/>
  </testcase> <!-- deletUser2 -->
</testsuite> <!-- offlinewebsite.UserPage -->
