<?xml version="1.0" encoding="UTF-8"?>
<!-- Generated by org.testng.reporters.JUnitReportReporter -->
<testsuite name="practise.LogicalOnUserpage" tests="2" time="0.565" ignored="0" failures="0" timestamp="23 Oct 2021 04:53:34 GMT" skipped="0" hostname="MSI" errors="0">
  <testcase name="checkEmail" time="0.172" classname="practise.LogicalOnUserpage"/>
  <testcase name="checkUserListTiltle" time="0.393" classname="practise.LogicalOnUserpage"/>
</testsuite> <!-- practise.LogicalOnUserpage -->
