<?xml version="1.0" encoding="UTF-8"?>
<!-- Generated by org.testng.reporters.JUnitReportReporter -->
<testsuite name="offlinewebsite.LoginPage" tests="9" time="5.524" ignored="0" failures="0" timestamp="22 Oct 2021 08:37:42 GMT" skipped="0" hostname="MSI" errors="0">
  <testcase name="VerifyTitle" time="0.021" classname="offlinewebsite.LoginPage"/>
  <testcase name="inValidLogin" time="0.468" classname="offlinewebsite.LoginPage"/>
  <testcase name="checkLogo" time="0.099" classname="offlinewebsite.LoginPage"/>
  <testcase name="checkRegistrationLink" time="0.230" classname="offlinewebsite.LoginPage"/>
  <testcase name="validLogin" time="1.626" classname="offlinewebsite.LoginPage"/>
  <testcase name="checkTextOnLink2" time="0.047" classname="offlinewebsite.LoginPage"/>
  <testcase name="verifyLogout" time="0.295" classname="offlinewebsite.LoginPage"/>
  <testcase name="checkTextOnLink1" time="0.039" classname="offlinewebsite.LoginPage"/>
  <testcase name="registerNewMember" time="2.699" classname="offlinewebsite.LoginPage"/>
</testsuite> <!-- offlinewebsite.LoginPage -->
