<?xml version="1.0" encoding="UTF-8"?>
<!-- Generated by org.testng.reporters.JUnitReportReporter -->
<testsuite name="practise.LogicalOnUserpage" tests="1" time="0.269" ignored="4" failures="0" timestamp="26 Oct 2021 16:23:31 GMT" skipped="0" hostname="MSI" errors="0">
  <testcase name="checkUserName" time="0.269" classname="practise.LogicalOnUserpage"/>
  <testcase name="verifyContacts" classname="practise.LogicalOnUserpage">
    <skipped/>
  </testcase> <!-- verifyContacts -->
  <testcase name="verifySingleContact" classname="practise.LogicalOnUserpage">
    <skipped/>
  </testcase> <!-- verifySingleContact -->
  <testcase name="checkUserListTiltle" classname="practise.LogicalOnUserpage">
    <skipped/>
  </testcase> <!-- checkUserListTiltle -->
  <testcase name="checkEmail" classname="practise.LogicalOnUserpage">
    <skipped/>
  </testcase> <!-- checkEmail -->
</testsuite> <!-- practise.LogicalOnUserpage -->
