<?xml version="1.0" encoding="UTF-8"?>
<!-- Generated by org.testng.reporters.JUnitReportReporter -->
<testsuite name="offlinewebsite.UserPage" tests="1" time="2.743" ignored="4" failures="0" timestamp="27 Oct 2021 05:08:20 GMT" skipped="0" hostname="MSI" errors="0">
  <testcase name="userForm" time="2.743" classname="offlinewebsite.UserPage"/>
  <testcase name="checkContext" classname="offlinewebsite.UserPage">
    <skipped/>
  </testcase> <!-- checkContext -->
  <testcase name="deletUser1" classname="offlinewebsite.UserPage">
    <skipped/>
  </testcase> <!-- deletUser1 -->
  <testcase name="deletUser2" classname="offlinewebsite.UserPage">
    <skipped/>
  </testcase> <!-- deletUser2 -->
  <testcase name="checkUserListTiltle" classname="offlinewebsite.UserPage">
    <skipped/>
  </testcase> <!-- checkUserListTiltle -->
</testsuite> <!-- offlinewebsite.UserPage -->
