<?xml version="1.0" encoding="UTF-8"?>
<!-- Generated by org.testng.reporters.JUnitReportReporter -->
<testsuite name="testNgCases.Framework" tests="1" time="2.076" ignored="11" failures="0" timestamp="21 Aug 2021 12:03:13 GMT" skipped="0" hostname="MSI" errors="0">
  <testcase name="checkErrrorINMembershipDetails" time="2.076" classname="testNgCases.Framework"/>
  <testcase name="checplaceholderofEmail" classname="testNgCases.Framework">
    <skipped/>
  </testcase> <!-- checplaceholderofEmail -->
  <testcase name="checkLoginText" classname="testNgCases.Framework">
    <skipped/>
  </testcase> <!-- checkLoginText -->
  <testcase name="checkPageHeading" classname="testNgCases.Framework">
    <skipped/>
  </testcase> <!-- checkPageHeading -->
  <testcase name="checkUserForm" classname="testNgCases.Framework">
    <skipped/>
  </testcase> <!-- checkUserForm -->
  <testcase name="checkMembershipDetails" classname="testNgCases.Framework">
    <skipped/>
  </testcase> <!-- checkMembershipDetails -->
  <testcase name="checkSignin" classname="testNgCases.Framework">
    <skipped/>
  </testcase> <!-- checkSignin -->
  <testcase name="checplaceholderofPassword" classname="testNgCases.Framework">
    <skipped/>
  </testcase> <!-- checplaceholderofPassword -->
  <testcase name="checkLoginDetails" classname="testNgCases.Framework">
    <skipped/>
  </testcase> <!-- checkLoginDetails -->
  <testcase name="newMembership" classname="testNgCases.Framework">
    <skipped/>
  </testcase> <!-- newMembership -->
  <testcase name="checkPageText" classname="testNgCases.Framework">
    <skipped/>
  </testcase> <!-- checkPageText -->
  <testcase name="checkPageLogo" classname="testNgCases.Framework">
    <skipped/>
  </testcase> <!-- checkPageLogo -->
</testsuite> <!-- testNgCases.Framework -->
