<?xml version="1.0" encoding="UTF-8"?>
<!-- Generated by org.testng.reporters.JUnitReportReporter -->
<testsuite name="testNgCases.TestNgwithSelenium" tests="4" time="9.828" ignored="0" failures="0" timestamp="21 Aug 2021 03:04:16 GMT" skipped="0" hostname="MSI" errors="0">
  <testcase name="checkUserForm" time="2.689" classname="testNgCases.TestNgwithSelenium"/>
  <testcase name="checplaceholderofEmail" time="2.034" classname="testNgCases.TestNgwithSelenium"/>
  <testcase name="checkSignin" time="3.449" classname="testNgCases.TestNgwithSelenium"/>
  <testcase name="checplaceholderofPassword" time="1.656" classname="testNgCases.TestNgwithSelenium"/>
</testsuite> <!-- testNgCases.TestNgwithSelenium -->
