<?xml version="1.0" encoding="UTF-8"?>
<!-- Generated by org.testng.reporters.JUnitReportReporter -->
<testsuite name="testNgCases.Login" tests="1" time="3.284" ignored="0" failures="0" timestamp="27 Aug 2021 09:57:08 GMT" skipped="0" hostname="MSI" errors="0">
  <testcase name="verifyLogin" time="3.284" classname="testNgCases.Login"/>
</testsuite> <!-- testNgCases.Login -->
