<?xml version="1.0" encoding="UTF-8"?>
<!-- Generated by org.testng.reporters.JUnitReportReporter -->
<testsuite name="testNgCases.FiveTestwithSelenium" tests="5" time="13.685" ignored="0" failures="0" timestamp="14 Aug 2021 09:05:11 GMT" skipped="0" hostname="MSI" errors="0">
  <testcase name="checkTestFive" time="7.080" classname="testNgCases.FiveTestwithSelenium"/>
  <testcase name="checkTestTwo" time="1.590" classname="testNgCases.FiveTestwithSelenium"/>
  <testcase name="checkTestThree" time="1.634" classname="testNgCases.FiveTestwithSelenium"/>
  <testcase name="checkTestFour" time="1.822" classname="testNgCases.FiveTestwithSelenium"/>
  <testcase name="checkTestOne" time="1.559" classname="testNgCases.FiveTestwithSelenium"/>
</testsuite> <!-- testNgCases.FiveTestwithSelenium -->
