<?xml version="1.0" encoding="UTF-8"?>
<!-- Generated by org.testng.reporters.JUnitReportReporter -->
<testsuite name="testNgCases.Cases20" tests="5" time="11.181" ignored="0" failures="0" timestamp="21 Aug 2021 03:03:26 GMT" skipped="0" hostname="MSI" errors="0">
  <testcase name="checkPageText" time="1.551" classname="testNgCases.Cases20"/>
  <testcase name="checkLoginDetails" time="4.502" classname="testNgCases.Cases20"/>
  <testcase name="checkPageHeading" time="1.749" classname="testNgCases.Cases20"/>
  <testcase name="checkLoginPage" time="1.763" classname="testNgCases.Cases20"/>
  <testcase name="checkPageLogo" time="1.616" classname="testNgCases.Cases20"/>
</testsuite> <!-- testNgCases.Cases20 -->
