<?xml version="1.0" encoding="UTF-8"?>
<!-- Generated by org.testng.reporters.JUnitReportReporter -->
<testsuite name="testNgCases.LoginByPropertiesFile" tests="1" time="3.856" ignored="0" failures="0" timestamp="27 Aug 2021 10:20:12 GMT" skipped="0" hostname="MSI" errors="0">
  <testcase name="verifyLogin" time="3.856" classname="testNgCases.LoginByPropertiesFile"/>
</testsuite> <!-- testNgCases.LoginByPropertiesFile -->
